<?xml version="1.0" encoding="UTF-8"?>
<testng-results skipped="0" failed="0" ignored="0" total="1" passed="1">
  <reporter-output>
  </reporter-output>
  <suite name="Default suite" duration-ms="26113" started-at="2020-07-28T22:31:35 EDT" finished-at="2020-07-28T22:32:01 EDT">
    <groups>
    </groups>
    <test name="Default test" duration-ms="26113" started-at="2020-07-28T22:31:35 EDT" finished-at="2020-07-28T22:32:01 EDT">
      <class name="test.TestPurpous">
        <test-method status="PASS" signature="testing()[pri:0, instance:test.TestPurpous@cd2dae5]" name="testing" duration-ms="26034" started-at="2020-07-28T22:31:35 EDT" finished-at="2020-07-28T22:32:01 EDT">
          <reporter-output>
          </reporter-output>
        </test-method> <!-- testing -->
      </class> <!-- test.TestPurpous -->
    </test> <!-- Default test -->
  </suite> <!-- Default suite -->
</testng-results>
